TN:
SF:/home/thinhtn3/ducpm26/OSAL_LINUX/hal/src/hal_gpio_linux.c
FN:36,_timespec_to_ns
FN:42,_logical_to_physical
FN:47,_physical_to_logical
FN:53,_resolve_offset_by_name
FN:71,HAL_GpioChip_Open
FN:91,HAL_GpioChip_Close
FN:97,HAL_GpioLine_Request
FN:147,HAL_GpioLine_Release
FN:153,HAL_GpioLine_Write
FN:160,HAL_GpioLine_Toggle
FN:168,HAL_GpioLine_Read
FN:176,HAL_GpioLine_WaitEvent
FN:212,HAL_GpioGroup_WriteMask
FN:223,HAL_GpioGroup_ReadBitmap
FNDA:0,_timespec_to_ns
FNDA:1,HAL_GpioChip_Open
FNDA:0,HAL_GpioLine_WaitEvent
FNDA:2,HAL_GpioLine_Write
FNDA:0,_logical_to_physical
FNDA:0,HAL_GpioGroup_WriteMask
FNDA:1,HAL_GpioChip_Close
FNDA:0,_physical_to_logical
FNDA:0,_resolve_offset_by_name
FNDA:1,HAL_GpioLine_Request
FNDA:1,HAL_GpioLine_Toggle
FNDA:1,HAL_GpioLine_Release
FNDA:0,HAL_GpioGroup_ReadBitmap
FNDA:0,HAL_GpioLine_Read
FNF:14
FNH:6
DA:36,0
DA:37,0
DA:38,0
DA:42,3
DA:43,3
DA:47,1
DA:48,1
DA:49,0
DA:53,0
DA:54,0
DA:55,0
DA:56,0
DA:57,0
DA:58,0
DA:59,0
DA:60,0
DA:61,0
DA:62,0
DA:64,0
DA:71,1
DA:72,1
DA:73,0
DA:74,0
DA:76,1
DA:77,1
DA:79,1
DA:80,1
DA:81,0
DA:82,0
DA:83,0
DA:85,1
DA:86,1
DA:87,1
DA:88,1
DA:91,1
DA:92,1
DA:93,1
DA:94,1
DA:97,1
DA:98,1
DA:100,1
DA:101,1
DA:102,0
DA:103,0
DA:104,0
DA:105,0
DA:108,1
DA:110,1
DA:111,1
DA:114,1
DA:115,1
DA:116,1
DA:117,1
DA:119,0
DA:120,0
DA:121,0
DA:122,0
DA:123,0
DA:124,0
DA:126,0
DA:129,1
DA:130,0
DA:131,0
DA:134,1
DA:135,1
DA:136,1
DA:137,1
DA:138,1
DA:139,1
DA:140,1
DA:141,1
DA:143,1
DA:144,1
DA:147,1
DA:148,1
DA:149,1
DA:150,1
DA:153,2
DA:154,2
DA:155,2
DA:156,2
DA:157,2
DA:160,1
DA:161,1
DA:162,1
DA:163,1
DA:164,1
DA:165,1
DA:168,0
DA:169,0
DA:170,0
DA:171,0
DA:172,0
DA:173,0
DA:176,0
DA:177,0
DA:178,0
DA:180,0
DA:181,0
DA:183,0
DA:184,0
DA:185,0
DA:187,0
DA:188,0
DA:190,0
DA:192,0
DA:193,0
DA:194,0
DA:199,0
DA:201,0
DA:202,0
DA:203,0
DA:204,0
DA:205,0
DA:206,0
DA:212,0
DA:213,0
DA:214,0
DA:215,0
DA:216,0
DA:217,0
DA:223,0
DA:224,0
DA:226,0
DA:227,0
DA:228,0
DA:230,0
DA:231,0
LF:128
LH:55
end_of_record
TN:
SF:/home/thinhtn3/ducpm26/OSAL_LINUX/hal/src/hal_i2c_linux.c
FN:42,_i2c_set_addr
FN:56,HAL_I2cBus_Open
FN:88,HAL_I2cBus_Close
FN:97,HAL_I2cBus_Info
FN:127,HAL_I2c_Probe
FN:153,HAL_I2c_Write
FN:171,HAL_I2c_Read
FN:193,HAL_I2c_WriteReg8
FN:222,HAL_I2c_ReadReg8
FN:259,HAL_I2c_WriteReg16
FN:289,HAL_I2c_ReadReg16
FN:346,HAL_I2c_BurstTransfer
FN:389,HAL_I2cBus_Scan
FNDA:0,HAL_I2c_ReadReg16
FNDA:0,HAL_I2cBus_Scan
FNDA:0,HAL_I2cBus_Info
FNDA:0,HAL_I2c_Read
FNDA:0,HAL_I2cBus_Open
FNDA:0,HAL_I2c_WriteReg8
FNDA:0,HAL_I2c_ReadReg8
FNDA:0,HAL_I2c_Write
FNDA:0,HAL_I2cBus_Close
FNDA:0,HAL_I2c_BurstTransfer
FNDA:0,_i2c_set_addr
FNDA:0,HAL_I2c_WriteReg16
FNDA:0,HAL_I2c_Probe
FNF:13
FNH:0
DA:42,0
DA:43,0
DA:44,0
DA:45,0
DA:46,0
DA:47,0
DA:56,0
DA:58,0
DA:59,0
DA:60,0
DA:63,0
DA:64,0
DA:65,0
DA:66,0
DA:69,0
DA:70,0
DA:71,0
DA:72,0
DA:73,0
DA:74,0
DA:77,0
DA:78,0
DA:79,0
DA:81,0
DA:82,0
DA:84,0
DA:88,0
DA:90,0
DA:91,0
DA:92,0
DA:94,0
DA:97,0
DA:99,0
DA:100,0
DA:103,0
DA:105,0
DA:107,0
DA:127,0
DA:129,0
DA:131,0
DA:132,0
DA:137,0
DA:138,0
DA:139,0
DA:145,0
DA:153,0
DA:158,0
DA:159,0
DA:160,0
DA:162,0
DA:163,0
DA:164,0
DA:165,0
DA:166,0
DA:171,0
DA:176,0
DA:177,0
DA:178,0
DA:180,0
DA:181,0
DA:182,0
DA:183,0
DA:184,0
DA:193,0
DA:199,0
DA:201,0
DA:202,0
DA:205,0
DA:206,0
DA:209,0
DA:210,0
DA:212,0
DA:213,0
DA:214,0
DA:215,0
DA:216,0
DA:222,0
DA:228,0
DA:230,0
DA:231,0
DA:236,0
DA:237,0
DA:238,0
DA:239,0
DA:240,0
DA:244,0
DA:245,0
DA:246,0
DA:247,0
DA:248,0
DA:259,0
DA:265,0
DA:267,0
DA:268,0
DA:271,0
DA:272,0
DA:275,0
DA:276,0
DA:277,0
DA:279,0
DA:280,0
DA:281,0
DA:282,0
DA:283,0
DA:289,0
DA:295,0
DA:297,0
DA:298,0
DA:300,0
DA:301,0
DA:302,0
DA:305,0
DA:306,0
DA:307,0
DA:308,0
DA:309,0
DA:313,0
DA:314,0
DA:315,0
DA:316,0
DA:317,0
DA:346,0
DA:353,0
DA:355,0
DA:356,0
DA:358,0
DA:359,0
DA:360,0
DA:361,0
DA:362,0
DA:363,0
DA:367,0
DA:368,0
DA:369,0
DA:370,0
DA:371,0
DA:372,0
DA:389,0
DA:393,0
DA:396,0
DA:397,0
DA:398,0
DA:399,0
DA:401,0
DA:403,0
LF:145
LH:0
end_of_record
TN:
SF:/home/thinhtn3/ducpm26/OSAL_LINUX/hal/src/hal_spi_linux.c
FN:43,_starts_with
FN:50,_spi_apply_cfg
FN:75,HAL_Spi_Open
FN:153,HAL_Spi_Close
FN:173,HAL_Spi_Transfer
FN:254,HAL_Spi_TransferSegments
FN:316,HAL_Spi_SetSpeed
FN:327,HAL_Spi_GetInfo
FN:361,HAL_Spi_Write
FN:370,HAL_Spi_Read
FN:379,HAL_Spi_BurstTransfer
FN:426,HAL_Spi_AssertCS
FNDA:0,HAL_Spi_Write
FNDA:0,HAL_Spi_SetSpeed
FNDA:0,HAL_Spi_BurstTransfer
FNDA:0,HAL_Spi_Open
FNDA:0,_spi_apply_cfg
FNDA:0,HAL_Spi_TransferSegments
FNDA:0,_starts_with
FNDA:0,HAL_Spi_Read
FNDA:0,HAL_Spi_Close
FNDA:0,HAL_Spi_AssertCS
FNDA:0,HAL_Spi_Transfer
FNDA:0,HAL_Spi_GetInfo
FNF:12
FNH:0
DA:43,0
DA:44,0
DA:45,0
DA:50,0
DA:53,0
DA:54,0
DA:55,0
DA:57,0
DA:58,0
DA:59,0
DA:62,0
DA:63,0
DA:64,0
DA:67,0
DA:68,0
DA:69,0
DA:75,0
DA:77,0
DA:78,0
DA:79,0
DA:82,0
DA:85,0
DA:86,0
DA:87,0
DA:88,0
DA:89,0
DA:90,0
DA:91,0
DA:92,0
DA:95,0
DA:96,0
DA:97,0
DA:98,0
DA:99,0
DA:100,0
DA:101,0
DA:102,0
DA:104,0
DA:105,0
DA:108,0
DA:110,0
DA:111,0
DA:112,0
DA:115,0
DA:116,0
DA:117,0
DA:120,0
DA:121,0
DA:122,0
DA:123,0
DA:124,0
DA:125,0
DA:128,0
DA:129,0
DA:130,0
DA:131,0
DA:132,0
DA:133,0
DA:135,0
DA:136,0
DA:137,0
DA:138,0
DA:139,0
DA:140,0
DA:143,0
DA:145,0
DA:146,0
DA:147,0
DA:148,0
DA:150,0
DA:153,0
DA:155,0
DA:156,0
DA:157,0
DA:159,0
DA:161,0
DA:173,0
DA:179,0
DA:183,0
DA:184,0
DA:185,0
DA:186,0
DA:188,0
DA:189,0
DA:191,0
DA:192,0
DA:194,0
DA:195,0
DA:198,0
DA:199,0
DA:200,0
DA:202,0
DA:203,0
DA:204,0
DA:208,0
DA:211,0
DA:215,0
DA:216,0
DA:217,0
DA:218,0
DA:219,0
DA:220,0
DA:221,0
DA:227,0
DA:228,0
DA:229,0
DA:230,0
DA:231,0
DA:232,0
DA:233,0
DA:234,0
DA:236,0
DA:237,0
DA:239,0
DA:240,0
DA:241,0
DA:254,0
DA:260,0
DA:263,0
DA:264,0
DA:265,0
DA:266,0
DA:267,0
DA:268,0
DA:269,0
DA:273,0
DA:274,0
DA:277,0
DA:278,0
DA:279,0
DA:280,0
DA:281,0
DA:282,0
DA:283,0
DA:287,0
DA:288,0
DA:289,0
DA:290,0
DA:291,0
DA:292,0
DA:293,0
DA:296,0
DA:298,0
DA:299,0
DA:301,0
DA:302,0
DA:303,0
DA:316,0
DA:318,0
DA:319,0
DA:320,0
DA:321,0
DA:322,0
DA:327,0
DA:329,0
DA:331,0
DA:333,0
DA:336,0
DA:337,0
DA:338,0
DA:340,0
DA:341,0
DA:342,0
DA:343,0
DA:345,0
DA:346,0
DA:347,0
DA:350,0
DA:351,0
DA:352,0
DA:355,0
DA:357,0
DA:361,0
DA:366,0
DA:370,0
DA:375,0
DA:379,0
DA:385,0
DA:387,0
DA:388,0
DA:389,0
DA:390,0
DA:391,0
DA:392,0
DA:393,0
DA:396,0
DA:397,0
DA:398,0
DA:399,0
DA:400,0
DA:401,0
DA:402,0
DA:412,0
DA:414,0
DA:415,0
DA:417,0
DA:418,0
DA:419,0
DA:426,0
DA:428,0
DA:429,0
DA:439,0
LF:202
LH:0
end_of_record
TN:
SF:/home/thinhtn3/ducpm26/OSAL_LINUX/hal/src/hal_uart_linux.c
FN:33,_baud_to_flag
FN:51,_apply_cfg
FN:107,HAL_Uart_Open
FN:144,HAL_Uart_Close
FN:150,HAL_Uart_Write
FN:165,HAL_Uart_WriteString
FN:171,HAL_Uart_Read
FN:202,HAL_Uart_Flush
FN:211,HAL_Uart_GetFd
FNDA:0,HAL_Uart_Flush
FNDA:0,HAL_Uart_Read
FNDA:0,HAL_Uart_Write
FNDA:0,HAL_Uart_WriteString
FNDA:0,HAL_Uart_Close
FNDA:0,HAL_Uart_Open
FNDA:0,HAL_Uart_GetFd
FNDA:0,_baud_to_flag
FNDA:0,_apply_cfg
FNF:9
FNH:0
DA:33,0
DA:34,0
DA:35,0
DA:36,0
DA:37,0
DA:38,0
DA:39,0
DA:41,0
DA:44,0
DA:46,0
DA:51,0
DA:52,0
DA:53,0
DA:56,0
DA:59,0
DA:60,0
DA:62,0
DA:63,0
DA:64,0
DA:68,0
DA:69,0
DA:72,0
DA:73,0
DA:74,0
DA:75,0
DA:76,0
DA:77,0
DA:78,0
DA:83,0
DA:84,0
DA:88,0
DA:91,0
DA:92,0
DA:93,0
DA:94,0
DA:97,0
DA:98,0
DA:100,0
DA:103,0
DA:104,0
DA:107,0
DA:108,0
DA:109,0
DA:110,0
DA:113,0
DA:114,0
DA:116,0
DA:117,0
DA:118,0
DA:119,0
DA:120,0
DA:123,0
DA:124,0
DA:125,0
DA:126,0
DA:127,0
DA:129,0
DA:130,0
DA:131,0
DA:133,0
DA:134,0
DA:135,0
DA:136,0
DA:139,0
DA:140,0
DA:141,0
DA:144,0
DA:145,0
DA:146,0
DA:147,0
DA:150,0
DA:151,0
DA:152,0
DA:154,0
DA:155,0
DA:156,0
DA:157,0
DA:160,0
DA:162,0
DA:165,0
DA:166,0
DA:167,0
DA:168,0
DA:171,0
DA:172,0
DA:174,0
DA:175,0
DA:176,0
DA:177,0
DA:180,0
DA:181,0
DA:182,0
DA:183,0
DA:184,0
DA:186,0
DA:191,0
DA:192,0
DA:193,0
DA:194,0
DA:195,0
DA:202,0
DA:203,0
DA:204,0
DA:205,0
DA:206,0
DA:207,0
DA:211,0
DA:212,0
DA:213,0
LF:109
LH:0
end_of_record
TN:
SF:/home/thinhtn3/ducpm26/OSAL_LINUX/src_unit_test/manual/test_hal_gpio_linux_hw.c
FN:7,has_gpiochip0
FN:12,setUp
FN:13,tearDown
FN:15,test_open_and_toggle_gpio
FN:50,main
FNDA:1,has_gpiochip0
FNDA:1,test_open_and_toggle_gpio
FNDA:1,setUp
FNDA:1,tearDown
FNDA:1,main
FNF:5
FNH:5
DA:7,1
DA:8,1
DA:9,1
DA:12,1
DA:13,1
DA:15,1
DA:16,1
DA:17,0
DA:20,1
DA:23,1
DA:24,1
DA:25,1
DA:26,1
DA:28,1
DA:35,1
DA:36,1
DA:37,1
DA:38,1
DA:40,1
DA:41,1
DA:43,1
DA:44,1
DA:46,1
DA:47,1
DA:48,1
DA:50,1
DA:51,1
DA:52,1
DA:53,1
LF:29
LH:28
end_of_record
TN:
SF:/home/thinhtn3/ducpm26/OSAL_LINUX/unity/src/unity.c
FN:88,UnityPrintChar
FN:138,UnityPrint
FN:160,UnityPrintLen
FN:198,UnityPrintIntNumberByStyle
FN:238,UnityPrintUintNumberByStyle
FN:253,UnityPrintNumber
FN:268,UnityPrintNumberUnsigned
FN:287,UnityPrintNumberHex
FN:313,UnityPrintMask
FN:348,UnityPrintFloat
FN:509,UnityTestResultsBegin
FN:552,UnityTestResultsFailBegin
FN:560,UnityConcludeTest
FN:584,UnityAddMsgIfSpecified
FN:638,UnityPrintExpectedAndActualStrings
FN:665,UnityPrintExpectedAndActualStringsLen
FN:698,UnityIsOneArrayNull
FN:732,UnityAssertBits
FN:753,UnityAssertEqualIntNumber
FN:773,UnityAssertEqualUintNumber
FN:793,UnityAssertIntGreaterOrLessOrEqualNumber
FN:823,UnityAssertUintGreaterOrLessOrEqualNumber
FN:863,UnityAssertEqualIntArray
FN:1008,UnityFloatsWithin
FN:1015,UnityAssertWithinFloatArray
FN:1095,UnityAssertFloatsWithin
FN:1114,UnityAssertFloatsNotWithin
FN:1135,UnityAssertGreaterOrLessFloat
FN:1168,UnityAssertFloatSpecial
FN:1462,UnityAssertIntNumbersWithin
FN:1494,UnityAssertUintNumbersWithin
FN:1527,UnityAssertNumbersArrayWithin
FN:1691,UnityAssertEqualString
FN:1730,UnityAssertEqualStringLen
FN:1770,UnityAssertEqualStringArray
FN:1853,UnityAssertEqualMemory
FN:1942,UnityNumToPtr
FN:1968,UnityFloatToPtr
FN:2224,UnityFail
FN:2236,UnityIgnore
FN:2252,UnityMessage
FN:2268,UnityDefaultTestRun
FN:2296,UnitySetTestFile
FN:2302,UnityBegin
FN:2318,UnityEnd
FNDA:0,UnityPrintUintNumberByStyle
FNDA:4,UnityAssertEqualIntNumber
FNDA:0,UnityAssertFloatsNotWithin
FNDA:0,UnitySetTestFile
FNDA:0,UnityAssertIntGreaterOrLessOrEqualNumber
FNDA:0,UnityAssertBits
FNDA:0,UnityIsOneArrayNull
FNDA:0,UnityAssertFloatsWithin
FNDA:0,UnityPrintNumberHex
FNDA:0,UnityAssertWithinFloatArray
FNDA:1,UnityTestResultsBegin
FNDA:125,UnityPrintChar
FNDA:0,UnityFloatToPtr
FNDA:0,UnityAssertEqualString
FNDA:0,UnityAssertIntNumbersWithin
FNDA:0,UnityAssertEqualIntArray
FNDA:0,UnityPrintExpectedAndActualStrings
FNDA:0,UnityPrintMask
FNDA:0,UnityAddMsgIfSpecified
FNDA:0,UnityPrintIntNumberByStyle
FNDA:1,UnityBegin
FNDA:0,UnityPrintFloat
FNDA:0,UnityAssertFloatSpecial
FNDA:4,UnityPrintNumber
FNDA:0,UnityFail
FNDA:0,UnityAssertEqualMemory
FNDA:0,UnityNumToPtr
FNDA:0,UnityAssertEqualStringLen
FNDA:0,UnityPrintLen
FNDA:0,UnityAssertEqualStringArray
FNDA:0,UnityMessage
FNDA:1,UnityDefaultTestRun
FNDA:8,UnityPrint
FNDA:0,UnityIgnore
FNDA:1,UnityEnd
FNDA:0,UnityAssertNumbersArrayWithin
FNDA:0,UnityTestResultsFailBegin
FNDA:0,UnityAssertUintNumbersWithin
FNDA:1,UnityConcludeTest
FNDA:0,UnityAssertGreaterOrLessFloat
FNDA:4,UnityPrintNumberUnsigned
FNDA:0,UnityFloatsWithin
FNDA:0,UnityAssertEqualUintNumber
FNDA:0,UnityPrintExpectedAndActualStringsLen
FNDA:0,UnityAssertUintGreaterOrLessOrEqualNumber
FNF:45
FNH:10
DA:88,125
DA:91,125
DA:93,125
DA:96,0
DA:98,0
DA:99,0
DA:102,0
DA:104,0
DA:105,0
DA:110,0
DA:111,0
DA:112,0
DA:114,125
DA:138,8
DA:140,8
DA:142,8
DA:144,133
DA:154,125
DA:155,125
DA:158,8
DA:160,0
DA:162,0
DA:164,0
DA:166,0
DA:169,0
DA:171,0
DA:174,0
DA:176,0
DA:177,0
DA:180,0
DA:182,0
DA:183,0
DA:188,0
DA:189,0
DA:190,0
DA:192,0
DA:195,0
DA:198,0
DA:200,0
DA:202,0
DA:205,0
DA:206,0
DA:208,0
DA:211,0
DA:213,0
DA:214,0
DA:217,0
DA:219,0
DA:220,0
DA:225,0
DA:226,0
DA:227,0
DA:229,0
DA:233,0
DA:236,0
DA:238,0
DA:240,0
DA:242,0
DA:246,0
DA:247,0
DA:248,0
DA:250,0
DA:253,4
DA:255,4
DA:257,4
DA:260,0
DA:261,0
DA:263,4
DA:264,4
DA:268,4
DA:270,4
DA:273,5
DA:275,1
DA:279,5
DA:281,5
DA:282,5
DA:283,5
DA:284,4
DA:287,0
DA:289,0
DA:290,0
DA:292,0
DA:297,0
DA:299,0
DA:300,0
DA:301,0
DA:303,0
DA:307,0
DA:310,0
DA:313,0
DA:315,0
DA:316,0
DA:318,0
DA:320,0
DA:322,0
DA:324,0
DA:328,0
DA:333,0
DA:335,0
DA:337,0
DA:348,0
DA:355,0
DA:356,0
DA:357,0
DA:360,0
DA:363,0
DA:365,0
DA:366,0
DA:370,0
DA:372,0
DA:374,0
DA:376,0
DA:378,0
DA:380,0
DA:384,0
DA:385,0
DA:386,0
DA:387,0
DA:388,0
DA:389,0
DA:398,0
DA:400,0
DA:402,0
DA:403,0
DA:407,0
DA:409,0
DA:411,0
DA:412,0
DA:423,0
DA:424,0
DA:425,0
DA:427,0
DA:429,0
DA:433,0
DA:437,0
DA:438,0
DA:441,0
DA:443,0
DA:445,0
DA:446,0
DA:450,0
DA:451,0
DA:454,0
DA:456,0
DA:457,0
DA:462,0
DA:464,0
DA:465,0
DA:469,0
DA:471,0
DA:473,0
DA:475,0
DA:479,0
DA:481,0
DA:483,0
DA:485,0
DA:486,0
DA:490,0
DA:494,0
DA:496,0
DA:497,0
DA:499,0
DA:501,0
DA:505,0
DA:509,1
DA:540,1
DA:541,1
DA:542,1
DA:543,1
DA:544,1
DA:545,1
DA:549,1
DA:552,0
DA:554,0
DA:555,0
DA:556,0
DA:557,0
DA:560,1
DA:562,1
DA:564,0
DA:566,1
DA:568,1
DA:569,1
DA:573,0
DA:576,1
DA:577,1
DA:578,1
DA:579,1
DA:580,1
DA:581,1
DA:584,0
DA:617,0
DA:619,0
DA:620,0
DA:621,0
DA:622,0
DA:624,0
DA:625,0
DA:630,0
DA:632,0
DA:633,0
DA:635,0
DA:638,0
DA:640,0
DA:641,0
DA:643,0
DA:644,0
DA:645,0
DA:649,0
DA:651,0
DA:652,0
DA:654,0
DA:655,0
DA:656,0
DA:660,0
DA:662,0
DA:665,0
DA:669,0
DA:670,0
DA:672,0
DA:673,0
DA:674,0
DA:678,0
DA:680,0
DA:681,0
DA:683,0
DA:684,0
DA:685,0
DA:689,0
DA:691,0
DA:698,0
DA:704,0
DA:707,0
DA:709,0
DA:710,0
DA:711,0
DA:712,0
DA:716,0
DA:718,0
DA:719,0
DA:720,0
DA:721,0
DA:732,0
DA:738,0
DA:740,0
DA:742,0
DA:743,0
DA:744,0
DA:745,0
DA:746,0
DA:747,0
DA:748,0
DA:750,0
DA:753,4
DA:759,4
DA:761,4
DA:763,0
DA:764,0
DA:765,0
DA:766,0
DA:767,0
DA:768,0
DA:769,0
DA:771,4
DA:773,0
DA:779,0
DA:781,0
DA:783,0
DA:784,0
DA:785,0
DA:786,0
DA:787,0
DA:788,0
DA:789,0
DA:791,0
DA:793,0
DA:800,0
DA:801,0
DA:803,0
DA:805,0
DA:806,0
DA:808,0
DA:810,0
DA:811,0
DA:812,0
DA:813,0
DA:814,0
DA:815,0
DA:816,0
DA:817,0
DA:818,0
DA:819,0
DA:821,0
DA:823,0
DA:830,0
DA:831,0
DA:833,0
DA:836,0
DA:837,0
DA:839,0
DA:841,0
DA:842,0
DA:843,0
DA:844,0
DA:845,0
DA:846,0
DA:847,0
DA:848,0
DA:849,0
DA:850,0
DA:852,0
DA:863,0
DA:871,0
DA:872,0
DA:873,0
DA:875,0
DA:877,0
DA:882,0
DA:886,0
DA:891,0
DA:893,0
DA:896,0
DA:898,0
DA:899,0
DA:901,0
DA:903,0
DA:904,0
DA:905,0
DA:906,0
DA:908,0
DA:909,0
DA:914,0
DA:915,0
DA:916,0
DA:917,0
DA:919,0
DA:920,0
DA:933,0
DA:935,0
DA:936,0
DA:944,0
DA:945,0
DA:946,0
DA:949,0
DA:951,0
DA:953,0
DA:954,0
DA:955,0
DA:956,0
DA:958,0
DA:959,0
DA:960,0
DA:961,0
DA:962,0
DA:963,0
DA:964,0
DA:965,0
DA:966,0
DA:969,0
DA:971,0
DA:973,0
DA:1008,0
DA:1010,0
DA:1011,0
DA:1015,0
DA:1023,0
DA:1024,0
DA:1025,0
DA:1026,0
DA:1027,0
DA:1029,0
DA:1031,0
DA:1036,0
DA:1040,0
DA:1045,0
DA:1048,0
DA:1051,0
DA:1056,0
DA:1058,0
DA:1062,0
DA:1064,0
DA:1067,0
DA:1069,0
DA:1071,0
DA:1074,0
DA:1077,0
DA:1079,0
DA:1080,0
DA:1081,0
DA:1082,0
DA:1083,0
DA:1084,0
DA:1086,0
DA:1088,0
DA:1090,0
DA:1095,0
DA:1101,0
DA:1104,0
DA:1106,0
DA:1107,0
DA:1108,0
DA:1109,0
DA:1111,0
DA:1114,0
DA:1120,0
DA:1122,0
DA:1124,0
DA:1125,0
DA:1126,0
DA:1127,0
DA:1128,0
DA:1129,0
DA:1130,0
DA:1132,0
DA:1135,0
DA:1141,0
DA:1143,0
DA:1145,0
DA:1148,0
DA:1149,0
DA:1151,0
DA:1153,0
DA:1155,0
DA:1156,0
DA:1157,0
DA:1158,0
DA:1159,0
DA:1160,0
DA:1161,0
DA:1162,0
DA:1163,0
DA:1165,0
DA:1168,0
DA:1173,0
DA:1174,0
DA:1175,0
DA:1176,0
DA:1178,0
DA:1180,0
DA:1182,0
DA:1184,0
DA:1186,0
DA:1188,0
DA:1191,0
DA:1193,0
DA:1194,0
DA:1196,0
DA:1198,0
DA:1201,0
DA:1203,0
DA:1204,0
DA:1205,0
DA:1208,0
DA:1210,0
DA:1211,0
DA:1212,0
DA:1214,0
DA:1216,0
DA:1217,0
DA:1219,0
DA:1227,0
DA:1228,0
DA:1230,0
DA:1462,0
DA:1469,0
DA:1471,0
DA:1473,0
DA:1477,0
DA:1480,0
DA:1482,0
DA:1483,0
DA:1484,0
DA:1485,0
DA:1486,0
DA:1487,0
DA:1488,0
DA:1489,0
DA:1490,0
DA:1492,0
DA:1494,0
DA:1501,0
DA:1503,0
DA:1505,0
DA:1509,0
DA:1512,0
DA:1514,0
DA:1515,0
DA:1516,0
DA:1517,0
DA:1518,0
DA:1519,0
DA:1520,0
DA:1521,0
DA:1522,0
DA:1524,0
DA:1527,0
DA:1536,0
DA:1537,0
DA:1538,0
DA:1540,0
DA:1542,0
DA:1547,0
DA:1551,0
DA:1556,0
DA:1558,0
DA:1561,0
DA:1563,0
DA:1564,0
DA:1566,0
DA:1568,0
DA:1570,0
DA:1572,0
DA:1573,0
DA:1574,0
DA:1578,0
DA:1579,0
DA:1580,0
DA:1584,0
DA:1586,0
DA:1588,0
DA:1589,0
DA:1590,0
DA:1594,0
DA:1595,0
DA:1596,0
DA:1618,0
DA:1621,0
DA:1623,0
DA:1624,0
DA:1625,0
DA:1629,0
DA:1630,0
DA:1631,0
DA:1637,0
DA:1639,0
DA:1641,0
DA:1645,0
DA:1650,0
DA:1652,0
DA:1656,0
DA:1660,0
DA:1662,0
DA:1664,0
DA:1665,0
DA:1666,0
DA:1667,0
DA:1669,0
DA:1670,0
DA:1671,0
DA:1672,0
DA:1673,0
DA:1674,0
DA:1675,0
DA:1676,0
DA:1677,0
DA:1678,0
DA:1679,0
DA:1682,0
DA:1684,0
DA:1686,0
DA:1691,0
DA:1696,0
DA:1698,0
DA:1701,0
DA:1703,0
DA:1705,0
DA:1707,0
DA:1708,0
DA:1714,0
DA:1716,0
DA:1720,0
DA:1722,0
DA:1723,0
DA:1724,0
DA:1725,0
DA:1727,0
DA:1730,0
DA:1736,0
DA:1738,0
DA:1741,0
DA:1743,0
DA:1745,0
DA:1747,0
DA:1748,0
DA:1754,0
DA:1756,0
DA:1760,0
DA:1762,0
DA:1763,0
DA:1764,0
DA:1765,0
DA:1767,0
DA:1770,0
DA:1777,0
DA:1778,0
DA:1779,0
DA:1780,0
DA:1782,0
DA:1785,0
DA:1790,0
DA:1794,0
DA:1799,0
DA:1801,0
DA:1804,0
DA:1806,0
DA:1809,0
DA:1811,0
DA:1812,0
DA:1814,0
DA:1818,0
DA:1820,0
DA:1822,0
DA:1824,0
DA:1825,0
DA:1831,0
DA:1833,0
DA:1837,0
DA:1839,0
DA:1840,0
DA:1842,0
DA:1843,0
DA:1845,0
DA:1846,0
DA:1847,0
DA:1849,0
DA:1853,0
DA:1861,0
DA:1862,0
DA:1863,0
DA:1864,0
DA:1866,0
DA:1868,0
DA:1873,0
DA:1876,0
DA:1878,0
DA:1881,0
DA:1886,0
DA:1888,0
DA:1891,0
DA:1894,0
DA:1896,0
DA:1898,0
DA:1899,0
DA:1900,0
DA:1902,0
DA:1903,0
DA:1905,0
DA:1906,0
DA:1907,0
DA:1908,0
DA:1909,0
DA:1910,0
DA:1911,0
DA:1912,0
DA:1914,0
DA:1915,0
DA:1917,0
DA:1919,0
DA:1942,0
DA:1944,0
DA:1946,0
DA:1947,0
DA:1948,0
DA:1950,0
DA:1951,0
DA:1952,0
DA:1960,0
DA:1961,0
DA:1962,0
DA:1968,0
DA:1970,0
DA:1971,0
DA:2224,0
DA:2226,0
DA:2228,0
DA:2229,0
DA:2230,0
DA:2232,0
DA:2236,0
DA:2238,0
DA:2240,0
DA:2241,0
DA:2242,0
DA:2244,0
DA:2245,0
DA:2246,0
DA:2248,0
DA:2252,0
DA:2254,0
DA:2255,0
DA:2256,0
DA:2258,0
DA:2259,0
DA:2260,0
DA:2262,0
DA:2263,0
DA:2268,1
DA:2270,1
DA:2271,1
DA:2272,1
DA:2277,1
DA:2280,1
DA:2281,1
DA:2283,1
DA:2284,1
DA:2286,1
DA:2288,1
DA:2290,1
DA:2291,1
DA:2292,1
DA:2296,0
DA:2298,0
DA:2299,0
DA:2302,1
DA:2304,1
DA:2305,1
DA:2306,1
DA:2307,1
DA:2308,1
DA:2309,1
DA:2310,1
DA:2311,1
DA:2313,1
DA:2314,1
DA:2315,1
DA:2318,1
DA:2320,1
DA:2321,1
DA:2322,1
DA:2323,1
DA:2324,1
DA:2325,1
DA:2326,1
DA:2327,1
DA:2328,1
DA:2329,1
DA:2330,1
DA:2332,1
DA:2336,0
DA:2341,1
DA:2342,1
DA:2343,1
DA:2344,1
LF:743
LH:91
end_of_record
TN:
SF:/opt/petalinux/2021.2/sysroots/cortexa9t2hf-neon-xilinx-linux-gnueabi/usr/include/bits/fcntl2.h
FNF:0
FNH:0
DA:41,0
DA:43,0
DA:46,0
DA:48,0
DA:53,0
DA:56,0
DA:57,0
LF:7
LH:0
end_of_record
TN:
SF:/opt/petalinux/2021.2/sysroots/cortexa9t2hf-neon-xilinx-linux-gnueabi/usr/include/bits/poll2.h
FNF:0
FNH:0
DA:36,0
DA:38,0
DA:40,0
DA:42,0
DA:46,0
LF:5
LH:0
end_of_record
TN:
SF:/opt/petalinux/2021.2/sysroots/cortexa9t2hf-neon-xilinx-linux-gnueabi/usr/include/bits/stdio.h
FNF:0
FNH:0
DA:82,138
DA:84,138
LF:2
LH:2
end_of_record
TN:
SF:/opt/petalinux/2021.2/sysroots/cortexa9t2hf-neon-xilinx-linux-gnueabi/usr/include/bits/stdio2.h
FNF:0
FNH:0
DA:108,1
DA:110,1
LF:2
LH:2
end_of_record
TN:
SF:/opt/petalinux/2021.2/sysroots/cortexa9t2hf-neon-xilinx-linux-gnueabi/usr/include/bits/string_fortified.h
FNF:0
FNH:0
DA:26,0
DA:29,0
DA:33,0
DA:35,0
DA:54,0
DA:56,0
DA:88,1
DA:91,1
LF:8
LH:2
end_of_record
TN:
SF:/opt/petalinux/2021.2/sysroots/cortexa9t2hf-neon-xilinx-linux-gnueabi/usr/include/bits/unistd.h
FNF:0
FNH:0
DA:36,0
DA:38,0
DA:40,0
DA:41,0
DA:43,0
DA:44,0
DA:46,0
LF:7
LH:0
end_of_record
TN:
SF:/opt/petalinux/2021.2/sysroots/cortexa9t2hf-neon-xilinx-linux-gnueabi/usr/include/sys/stat.h
FNF:0
FNH:0
DA:453,1
DA:455,1
LF:2
LH:2
end_of_record
